<?xml version="1.0" encoding="UTF-8"?>
<!-- Generated by org.testng.reporters.JUnitReportReporter -->
<testsuite skipped="0" hostname="LAPTOP-PN70LU10" name="test.Test1" tests="1" failures="0" timestamp="31 May 2018 15:20:42 GMT" time="15.013" errors="0">
  <testcase name="testtwitterHome" time="15.013" classname="test.Test1"/>
</testsuite> <!-- test.Test1 -->
