<?xml version="1.0" encoding="UTF-8"?>
<!-- Generated by org.testng.reporters.JUnitReportReporter -->
<testsuite skipped="0" hostname="LAPTOP-PN70LU10" name="test.Test1" tests="1" failures="0" timestamp="25 May 2018 13:50:13 GMT" time="12.840" errors="0">
  <testcase name="testtwitterHome" time="12.840" classname="test.Test1"/>
</testsuite> <!-- test.Test1 -->
